<?xml version="1.0" encoding="UTF-8" ?>
<testsuite failures="0" time="0.011" errors="0" skipped="6" tests="18" name="ca.dwellshop.RunCukesTest">
  <properties>
    <property name="java.runtime.name" value="Java(TM) SE Runtime Environment"/>
    <property name="sun.boot.library.path" value="C:\Program Files\Java\jdk1.7.0_51\jre\bin"/>
    <property name="java.vm.version" value="24.51-b03"/>
    <property name="java.vm.vendor" value="Oracle Corporation"/>
    <property name="java.vendor.url" value="http://java.oracle.com/"/>
    <property name="path.separator" value=";"/>
    <property name="guice.disable.misplaced.annotation.check" value="true"/>
    <property name="java.vm.name" value="Java HotSpot(TM) 64-Bit Server VM"/>
    <property name="file.encoding.pkg" value="sun.io"/>
    <property name="user.script" value=""/>
    <property name="user.country" value="CA"/>
    <property name="sun.java.launcher" value="SUN_STANDARD"/>
    <property name="sun.os.patch.level" value=""/>
    <property name="java.vm.specification.name" value="Java Virtual Machine Specification"/>
    <property name="user.dir" value="C:\Users\PradeepSamuel\Development\dwell-shop"/>
    <property name="java.runtime.version" value="1.7.0_51-b13"/>
    <property name="java.awt.graphicsenv" value="sun.awt.Win32GraphicsEnvironment"/>
    <property name="java.endorsed.dirs" value="C:\Program Files\Java\jdk1.7.0_51\jre\lib\endorsed"/>
    <property name="os.arch" value="amd64"/>
    <property name="java.io.tmpdir" value="C:\Users\PRADEE~1\AppData\Local\Temp\"/>
    <property name="line.separator" value="
"/>
    <property name="java.vm.specification.vendor" value="Oracle Corporation"/>
    <property name="user.variant" value=""/>
    <property name="os.name" value="Windows 8"/>
    <property name="classworlds.conf" value="D:\Dev-Stack\apache-maven-3.1.1\bin\m2.conf"/>
    <property name="sun.jnu.encoding" value="Cp1252"/>
    <property name="java.library.path" value="C:\Program Files\Java\jdk1.7.0_51\bin;C:\WINDOWS\Sun\Java\bin;C:\WINDOWS\system32;C:\WINDOWS;C:\cmder\bin;C:\cmder\vendor\msysgit\bin;C:\cmder\vendor\msysgit\mingw\bin;C:\cmder\vendor\msysgit\cmd;C:\cmder\vendor\msysgit\share\vim\vim74;C:\cmder;C:\cmder\vendor\conemu-maximus5\ConEmu;C:\cmder\vendor\conemu-maximus5;C:\ProgramData\Oracle\Java\javapath;C:\Program Files (x86)\Haskell Platform\2013.2.0.0\lib\extralibs\bin;C:\Program Files (x86)\Haskell Platform\2013.2.0.0\bin;C:\Program Files (x86)\Intel\iCLS Client\;C:\Program Files\Intel\iCLS Client\;C:\WINDOWS\system32;C:\WINDOWS;C:\WINDOWS\System32\Wbem;C:\WINDOWS\System32\WindowsPowerShell\v1.0\;C:\Program Files (x86)\Windows Live\Shared;C:\Program Files\Intel\Intel(R) Management Engine Components\DAL;C:\Program Files\Intel\Intel(R) Management Engine Components\IPT;C:\Program Files (x86)\Intel\Intel(R) Management Engine Components\DAL;C:\Program Files (x86)\Intel\Intel(R) Management Engine Components\IPT;C:\Program Files (x86)\Intel\OpenCL SDK\2.0\bin\x86;C:\Program Files (x86)\Intel\OpenCL SDK\2.0\bin\x64;C:\Program Files\Condusiv Technologies\ExpressCache\;C:\Program Files (x86)\Haskell Platform\2013.2.0.0\mingw\bin;C:\Program Files (x86)\nodejs\;D:\Dev-Stack\apache-maven-3.1.1\bin;C:\xampp\mysql\bin;C:\Program Files (x86)\Windows Kits\8.1\Windows Performance Toolkit\;C:\Program Files\Microsoft SQL Server\110\Tools\Binn\;C:\Program Files\Microsoft\Web Platform Installer\;C:\xampp\php;C:\Program Files (x86)\Heroku\bin;C:\Program Files (x86)\git\cmd;D:\Dev-Stack\apache-ant-1.9.3\bin;C:\Program Files\Java\jdk1.7.0_51\bin;C:\Python27;C:\Go\bin;C:\Python34\Scripts;C:\HashiCorp\Vagrant\bin;C:\Program Files\Sublime Text 3;C:\Behat\bin;C:\Program Files\erl6.2\bin;C:\Program Files (x86)\Elixir\bin;C:\Program Files (x86)\vim\vim74;C:\Strawberry\c\bin;C:\Strawberry\perl\site\bin;C:\Strawberry\perl\bin;C:\Program Files\iojs\;C:\Sun\AppServer\bin;C:\Users\PradeepSamuel\AppData\Roaming\cabal\bin;C:\Users\PradeepSamuel\AppData\Roaming\npm;c:\Users\PradeepSamuel\AppData\Local\atom\bin;C:\ProgramData\chocolatey\bin;C:\Users\PradeepSamuel\AppData\Local\atom\bin;."/>
    <property name="java.specification.name" value="Java Platform API Specification"/>
    <property name="java.class.version" value="51.0"/>
    <property name="sun.management.compiler" value="HotSpot 64-Bit Tiered Compilers"/>
    <property name="os.version" value="6.2"/>
    <property name="user.home" value="C:\Users\PradeepSamuel"/>
    <property name="user.timezone" value="America/New_York"/>
    <property name="java.awt.printerjob" value="sun.awt.windows.WPrinterJob"/>
    <property name="java.specification.version" value="1.7"/>
    <property name="file.encoding" value="Cp1252"/>
    <property name="user.name" value="PradeepSamuel"/>
    <property name="java.class.path" value="D:\Dev-Stack\apache-maven-3.1.1\boot\plexus-classworlds-2.5.1.jar"/>
    <property name="org.slf4j.simpleLogger.defaultLogLevel" value="info"/>
    <property name="java.vm.specification.version" value="1.7"/>
    <property name="sun.arch.data.model" value="64"/>
    <property name="java.home" value="C:\Program Files\Java\jdk1.7.0_51\jre"/>
    <property name="sun.java.command" value="org.codehaus.plexus.classworlds.launcher.Launcher clean install"/>
    <property name="java.specification.vendor" value="Oracle Corporation"/>
    <property name="user.language" value="en"/>
    <property name="awt.toolkit" value="sun.awt.windows.WToolkit"/>
    <property name="java.vm.info" value="mixed mode"/>
    <property name="java.version" value="1.7.0_51"/>
    <property name="java.ext.dirs" value="C:\Program Files\Java\jdk1.7.0_51\jre\lib\ext;C:\WINDOWS\Sun\Java\lib\ext"/>
    <property name="sun.boot.class.path" value="C:\Program Files\Java\jdk1.7.0_51\jre\lib\resources.jar;C:\Program Files\Java\jdk1.7.0_51\jre\lib\rt.jar;C:\Program Files\Java\jdk1.7.0_51\jre\lib\sunrsasign.jar;C:\Program Files\Java\jdk1.7.0_51\jre\lib\jsse.jar;C:\Program Files\Java\jdk1.7.0_51\jre\lib\jce.jar;C:\Program Files\Java\jdk1.7.0_51\jre\lib\charsets.jar;C:\Program Files\Java\jdk1.7.0_51\jre\lib\jfr.jar;C:\Program Files\Java\jdk1.7.0_51\jre\classes"/>
    <property name="java.vendor" value="Oracle Corporation"/>
    <property name="maven.home" value="D:\Dev-Stack\apache-maven-3.1.1"/>
    <property name="file.separator" value="\"/>
    <property name="java.vendor.url.bug" value="http://bugreport.sun.com/bugreport/"/>
    <property name="sun.cpu.endian" value="little"/>
    <property name="sun.io.unicode.encoding" value="UnicodeLittle"/>
    <property name="sun.desktop" value="windows"/>
    <property name="sun.cpu.isalist" value="amd64"/>
  </properties>
  <testcase time="0" classname="| &quot;john.doe@mary.com&quot; | &quot;test@123&quot; | &quot;Account created successfully.&quot; |" name="Given I am a new user to Dwell Shop"/>
  <testcase time="0" classname="| &quot;john.doe@mary.com&quot; | &quot;test@123&quot; | &quot;Account created successfully.&quot; |" name="When I enter my personal details"/>
  <testcase time="0" classname="| &quot;john.doe@mary.com&quot; | &quot;test@123&quot; | &quot;Account created successfully.&quot; |" name="And I provide my &quot;john.doe@mary.com&quot; and &quot;test@123&quot;"/>
  <testcase time="0.001" classname="| &quot;john.doe@mary.com&quot; | &quot;test@123&quot; | &quot;Account created successfully.&quot; |" name="Then I should be shown a message as &quot;Account created successfully.&quot;">
    <skipped/>
  </testcase>
  <testcase time="0.002" classname="| &quot;john.doe@mary.com&quot; | &quot;test@123&quot; | &quot;Account created successfully.&quot; |" name="| &quot;john.doe@mary.com&quot; | &quot;test@123&quot; | &quot;Account created successfully.&quot; |">
    <skipped/>
  </testcase>
  <testcase time="0.002" classname="| &quot;john.doe@mary.com&quot; | &quot;test@123&quot; | &quot;Account created successfully.&quot; |" name="| &quot;john.doe@mary.com&quot; | &quot;test@123&quot; | &quot;Account created successfully.&quot; |"/>
  <testcase time="0" classname="| &quot;doe.john@mary.com&quot; | &quot;test@123&quot; | &quot;The provided email address already exists, try logging in.&quot; |" name="Given I am a new user to Dwell Shop"/>
  <testcase time="0" classname="| &quot;doe.john@mary.com&quot; | &quot;test@123&quot; | &quot;The provided email address already exists, try logging in.&quot; |" name="When I enter my personal details"/>
  <testcase time="0.001" classname="| &quot;doe.john@mary.com&quot; | &quot;test@123&quot; | &quot;The provided email address already exists, try logging in.&quot; |" name="And I provide my &quot;doe.john@mary.com&quot; and &quot;test@123&quot;"/>
  <testcase time="0.001" classname="| &quot;doe.john@mary.com&quot; | &quot;test@123&quot; | &quot;The provided email address already exists, try logging in.&quot; |" name="Then I should be shown a message as &quot;The provided email address already exists, try logging in.&quot;">
    <skipped/>
  </testcase>
  <testcase time="0.002" classname="| &quot;doe.john@mary.com&quot; | &quot;test@123&quot; | &quot;The provided email address already exists, try logging in.&quot; |" name="| &quot;doe.john@mary.com&quot; | &quot;test@123&quot; | &quot;The provided email address already exists, try logging in.&quot; |">
    <skipped/>
  </testcase>
  <testcase time="0.002" classname="| &quot;doe.john@mary.com&quot; | &quot;test@123&quot; | &quot;The provided email address already exists, try logging in.&quot; |" name="| &quot;doe.john@mary.com&quot; | &quot;test@123&quot; | &quot;The provided email address already exists, try logging in.&quot; |"/>
  <testcase time="0" classname="| &quot;john.doe@mary.com&quot; | &quot;was&quot; | &quot;The password have to be at least eight characters long.&quot; |" name="Given I am a new user to Dwell Shop"/>
  <testcase time="0" classname="| &quot;john.doe@mary.com&quot; | &quot;was&quot; | &quot;The password have to be at least eight characters long.&quot; |" name="When I enter my personal details"/>
  <testcase time="0" classname="| &quot;john.doe@mary.com&quot; | &quot;was&quot; | &quot;The password have to be at least eight characters long.&quot; |" name="And I provide my &quot;john.doe@mary.com&quot; and &quot;was&quot;"/>
  <testcase time="0" classname="| &quot;john.doe@mary.com&quot; | &quot;was&quot; | &quot;The password have to be at least eight characters long.&quot; |" name="Then I should be shown a message as &quot;The password have to be at least eight characters long.&quot;">
    <skipped/>
  </testcase>
  <testcase time="0" classname="| &quot;john.doe@mary.com&quot; | &quot;was&quot; | &quot;The password have to be at least eight characters long.&quot; |" name="| &quot;john.doe@mary.com&quot; | &quot;was&quot; | &quot;The password have to be at least eight characters long.&quot; |">
    <skipped/>
  </testcase>
  <testcase time="0" classname="| &quot;john.doe@mary.com&quot; | &quot;was&quot; | &quot;The password have to be at least eight characters long.&quot; |" name="| &quot;john.doe@mary.com&quot; | &quot;was&quot; | &quot;The password have to be at least eight characters long.&quot; |"/>
</testsuite>